This is pdfTeX, Version 3.14159265-2.6-1.40.18 (TeX Live 2017) (preloaded format=pdflatex 2017.5.23)  26 FEB 2018 16:10
entering extended mode
 restricted \write18 enabled.
 file:line:error style messages enabled.
 %&-line parsing enabled.
**\input dodoB_narrative.tex
(./dodoB_narrative.tex
(/usr/local/texlive/2017/texmf-dist/tex/latex/base/article.cls
Document Class: article 2014/09/29 v1.4h Standard LaTeX document class
(/usr/local/texlive/2017/texmf-dist/tex/latex/base/size11.clo
File: size11.clo 2014/09/29 v1.4h Standard LaTeX file (size option)
)
\c@part=\count79
\c@section=\count80
\c@subsection=\count81
\c@subsubsection=\count82
\c@paragraph=\count83
\c@subparagraph=\count84
\c@figure=\count85
\c@table=\count86
\abovecaptionskip=\skip41
\belowcaptionskip=\skip42
\bibindent=\dimen102
)
(/usr/local/texlive/2017/texmf-dist/tex/latex/geometry/geometry.sty
Package: geometry 2010/09/12 v5.6 Page Geometry

(/usr/local/texlive/2017/texmf-dist/tex/latex/graphics/keyval.sty
Package: keyval 2014/10/28 v1.15 key=value parser (DPC)
\KV@toks@=\toks14
)
(/usr/local/texlive/2017/texmf-dist/tex/generic/oberdiek/ifpdf.sty
Package: ifpdf 2017/03/15 v3.2 Provides the ifpdf switch
)
(/usr/local/texlive/2017/texmf-dist/tex/generic/oberdiek/ifvtex.sty
Package: ifvtex 2016/05/16 v1.6 Detect VTeX and its facilities (HO)
Package ifvtex Info: VTeX not detected.
)
(/usr/local/texlive/2017/texmf-dist/tex/generic/ifxetex/ifxetex.sty
Package: ifxetex 2010/09/12 v0.6 Provides ifxetex conditional
)
\Gm@cnth=\count87
\Gm@cntv=\count88
\c@Gm@tempcnt=\count89
\Gm@bindingoffset=\dimen103
\Gm@wd@mp=\dimen104
\Gm@odd@mp=\dimen105
\Gm@even@mp=\dimen106
\Gm@layoutwidth=\dimen107
\Gm@layoutheight=\dimen108
\Gm@layouthoffset=\dimen109
\Gm@layoutvoffset=\dimen110
\Gm@dimlist=\toks15
)
(/usr/local/texlive/2017/texmf-dist/tex/latex/graphics/graphicx.sty
Package: graphicx 2014/10/28 v1.0g Enhanced LaTeX Graphics (DPC,SPQR)

(/usr/local/texlive/2017/texmf-dist/tex/latex/graphics/graphics.sty
Package: graphics 2017/04/14 v1.1b Standard LaTeX Graphics (DPC,SPQR)

(/usr/local/texlive/2017/texmf-dist/tex/latex/graphics/trig.sty
Package: trig 2016/01/03 v1.10 sin cos tan (DPC)
)
(/usr/local/texlive/2017/texmf-dist/tex/latex/graphics-cfg/graphics.cfg
File: graphics.cfg 2016/06/04 v1.11 sample graphics configuration
)
Package graphics Info: Driver file: pdftex.def on input line 99.

(/usr/local/texlive/2017/texmf-dist/tex/latex/graphics-def/pdftex.def
File: pdftex.def 2017/01/12 v0.06k Graphics/color for pdfTeX

(/usr/local/texlive/2017/texmf-dist/tex/generic/oberdiek/infwarerr.sty
Package: infwarerr 2016/05/16 v1.4 Providing info/warning/error messages (HO)
)
(/usr/local/texlive/2017/texmf-dist/tex/generic/oberdiek/ltxcmds.sty
Package: ltxcmds 2016/05/16 v1.23 LaTeX kernel commands for general use (HO)
)
\Gread@gobject=\count90
))
\Gin@req@height=\dimen111
\Gin@req@width=\dimen112
)
(/usr/local/texlive/2017/texmf-dist/tex/latex/setspace/setspace.sty
Package: setspace 2011/12/19 v6.7a set line spacing
)
(/usr/local/texlive/2017/texmf-dist/tex/latex/amsfonts/amssymb.sty
Package: amssymb 2013/01/14 v3.01 AMS font symbols

(/usr/local/texlive/2017/texmf-dist/tex/latex/amsfonts/amsfonts.sty
Package: amsfonts 2013/01/14 v3.01 Basic AMSFonts support
\@emptytoks=\toks16
\symAMSa=\mathgroup4
\symAMSb=\mathgroup5
LaTeX Font Info:    Overwriting math alphabet `\mathfrak' in version `bold'
(Font)                  U/euf/m/n --> U/euf/b/n on input line 106.
))
(/usr/local/texlive/2017/texmf-dist/tex/latex/amsmath/amsmath.sty
Package: amsmath 2016/11/05 v2.16a AMS math features
\@mathmargin=\skip43

For additional information on amsmath, use the `?' option.
(/usr/local/texlive/2017/texmf-dist/tex/latex/amsmath/amstext.sty
Package: amstext 2000/06/29 v2.01 AMS text

(/usr/local/texlive/2017/texmf-dist/tex/latex/amsmath/amsgen.sty
File: amsgen.sty 1999/11/30 v2.0 generic functions
\@emptytoks=\toks17
\ex@=\dimen113
))
(/usr/local/texlive/2017/texmf-dist/tex/latex/amsmath/amsbsy.sty
Package: amsbsy 1999/11/29 v1.2d Bold Symbols
\pmbraise@=\dimen114
)
(/usr/local/texlive/2017/texmf-dist/tex/latex/amsmath/amsopn.sty
Package: amsopn 2016/03/08 v2.02 operator names
)
\inf@bad=\count91
LaTeX Info: Redefining \frac on input line 213.
\uproot@=\count92
\leftroot@=\count93
LaTeX Info: Redefining \overline on input line 375.
\classnum@=\count94
\DOTSCASE@=\count95
LaTeX Info: Redefining \ldots on input line 472.
LaTeX Info: Redefining \dots on input line 475.
LaTeX Info: Redefining \cdots on input line 596.
\Mathstrutbox@=\box26
\strutbox@=\box27
\big@size=\dimen115
LaTeX Font Info:    Redeclaring font encoding OML on input line 712.
LaTeX Font Info:    Redeclaring font encoding OMS on input line 713.
\macc@depth=\count96
\c@MaxMatrixCols=\count97
\dotsspace@=\muskip10
\c@parentequation=\count98
\dspbrk@lvl=\count99
\tag@help=\toks18
\row@=\count100
\column@=\count101
\maxfields@=\count102
\andhelp@=\toks19
\eqnshift@=\dimen116
\alignsep@=\dimen117
\tagshift@=\dimen118
\tagwidth@=\dimen119
\totwidth@=\dimen120
\lineht@=\dimen121
\@envbody=\toks20
\multlinegap=\skip44
\multlinetaggap=\skip45
\mathdisplay@stack=\toks21
LaTeX Info: Redefining \[ on input line 2817.
LaTeX Info: Redefining \] on input line 2818.
)
(/usr/local/texlive/2017/texmf-dist/tex/latex/oberdiek/epstopdf.sty
Package: epstopdf 2016/05/15 v2.6 Conversion with epstopdf on the fly (HO)

(/usr/local/texlive/2017/texmf-dist/tex/latex/oberdiek/epstopdf-base.sty
Package: epstopdf-base 2016/05/15 v2.6 Base part for package epstopdf

(/usr/local/texlive/2017/texmf-dist/tex/latex/oberdiek/grfext.sty
Package: grfext 2016/05/16 v1.2 Manage graphics extensions (HO)

(/usr/local/texlive/2017/texmf-dist/tex/generic/oberdiek/kvdefinekeys.sty
Package: kvdefinekeys 2016/05/16 v1.4 Define keys (HO)
))
(/usr/local/texlive/2017/texmf-dist/tex/latex/oberdiek/kvoptions.sty
Package: kvoptions 2016/05/16 v3.12 Key value format for package options (HO)

(/usr/local/texlive/2017/texmf-dist/tex/generic/oberdiek/kvsetkeys.sty
Package: kvsetkeys 2016/05/16 v1.17 Key value parser (HO)

(/usr/local/texlive/2017/texmf-dist/tex/generic/oberdiek/etexcmds.sty
Package: etexcmds 2016/05/16 v1.6 Avoid name clashes with e-TeX commands (HO)

(/usr/local/texlive/2017/texmf-dist/tex/generic/oberdiek/ifluatex.sty
Package: ifluatex 2016/05/16 v1.4 Provides the ifluatex switch (HO)
Package ifluatex Info: LuaTeX not detected.
)
Package etexcmds Info: Could not find \expanded.
(etexcmds)             That can mean that you are not using pdfTeX 1.50 or
(etexcmds)             that some package has redefined \expanded.
(etexcmds)             In the latter case, load this package earlier.
)))
(/usr/local/texlive/2017/texmf-dist/tex/generic/oberdiek/pdftexcmds.sty
Package: pdftexcmds 2017/03/19 v0.25 Utility functions of pdfTeX for LuaTeX (HO
)
Package pdftexcmds Info: LuaTeX not detected.
Package pdftexcmds Info: \pdf@primitive is available.
Package pdftexcmds Info: \pdf@ifprimitive is available.
Package pdftexcmds Info: \pdfdraftmode found.
)
Package epstopdf-base Info: Redefining graphics rule for `.eps' on input line 4
38.
Package grfext Info: Graphics extension search list:
(grfext)             [.png,.pdf,.jpg,.mps,.jpeg,.jbig2,.jb2,.PNG,.PDF,.JPG,.JPE
G,.JBIG2,.JB2,.eps]
(grfext)             \AppendGraphicsExtensions on input line 456.

(/usr/local/texlive/2017/texmf-dist/tex/latex/latexconfig/epstopdf-sys.cfg
File: epstopdf-sys.cfg 2010/07/13 v1.3 Configuration of (r)epstopdf for TeX Liv
e
)))
(/usr/local/texlive/2017/texmf-dist/tex/latex/xcolor/xcolor.sty
Package: xcolor 2016/05/11 v2.12 LaTeX color extensions (UK)

(/usr/local/texlive/2017/texmf-dist/tex/latex/graphics-cfg/color.cfg
File: color.cfg 2016/01/02 v1.6 sample color configuration
)
Package xcolor Info: Driver file: pdftex.def on input line 225.

(/usr/local/texlive/2017/texmf-dist/tex/latex/colortbl/colortbl.sty
Package: colortbl 2012/02/13 v1.0a Color table columns (DPC)

(/usr/local/texlive/2017/texmf-dist/tex/latex/tools/array.sty
Package: array 2016/10/06 v2.4d Tabular extension package (FMi)
\col@sep=\dimen122
\extrarowheight=\dimen123
\NC@list=\toks22
\extratabsurround=\skip46
\backup@length=\skip47
)
\everycr=\toks23
\minrowclearance=\skip48
)
\rownum=\count103
Package xcolor Info: Model `cmy' substituted by `cmy0' on input line 1348.
Package xcolor Info: Model `hsb' substituted by `rgb' on input line 1352.
Package xcolor Info: Model `RGB' extended on input line 1364.
Package xcolor Info: Model `HTML' substituted by `rgb' on input line 1366.
Package xcolor Info: Model `Hsb' substituted by `hsb' on input line 1367.
Package xcolor Info: Model `tHsb' substituted by `hsb' on input line 1368.
Package xcolor Info: Model `HSB' substituted by `hsb' on input line 1369.
Package xcolor Info: Model `Gray' substituted by `gray' on input line 1370.
Package xcolor Info: Model `wave' substituted by `hsb' on input line 1371.

(/usr/local/texlive/2017/texmf-dist/tex/latex/graphics/dvipsnam.def
File: dvipsnam.def 2016/06/17 v3.0m Driver-dependent file (DPC,SPQR)
))
(/usr/local/texlive/2017/texmf-dist/tex/latex/natbib/natbib.sty
Package: natbib 2010/09/13 8.31b (PWD, AO)
\bibhang=\skip49
\bibsep=\skip50
LaTeX Info: Redefining \cite on input line 694.
\c@NAT@ctr=\count104
)
(/usr/local/texlive/2017/texmf-dist/tex/latex/fancyhdr/fancyhdr.sty
Package: fancyhdr 2016/09/06 3.8 Extensive control of page headers and footers
\fancy@headwidth=\skip51
\f@ncyO@elh=\skip52
\f@ncyO@erh=\skip53
\f@ncyO@olh=\skip54
\f@ncyO@orh=\skip55
\f@ncyO@elf=\skip56
\f@ncyO@erf=\skip57
\f@ncyO@olf=\skip58
\f@ncyO@orf=\skip59
)

Package Fancyhdr Warning: \fancyhead's `E' option without twoside option is use
less on input line 16.


Package Fancyhdr Warning: \fancyhead's `E' option without twoside option is use
less on input line 17.

(/usr/local/texlive/2017/texmf-dist/tex/latex/changepage/changepage.sty
Package: changepage 2009/10/20 v1.0c check page and change page layout
\c@cp@cntr=\count105
\cp@tempcnt=\count106
)
(/usr/local/texlive/2017/texmf-dist/tex/latex/caption/caption.sty
Package: caption 2016/02/21 v3.3-144 Customizing captions (AR)

(/usr/local/texlive/2017/texmf-dist/tex/latex/caption/caption3.sty
Package: caption3 2016/05/22 v1.7-166 caption3 kernel (AR)
Package caption3 Info: TeX engine: e-TeX on input line 67.
\captionmargin=\dimen124
\captionmargin@=\dimen125
\captionwidth=\dimen126
\caption@tempdima=\dimen127
\caption@indent=\dimen128
\caption@parindent=\dimen129
\caption@hangindent=\dimen130
)
\c@ContinuedFloat=\count107
)
(/usr/local/texlive/2017/texmf-dist/tex/latex/caption/subcaption.sty
Package: subcaption 2016/05/22 v1.1-161 Sub-captions (AR)
\c@subfigure=\count108
\c@subtable=\count109
)
(/usr/local/texlive/2017/texmf-dist/tex/latex/floatrow/floatrow.sty
Package: floatrow 2008/08/02 v0.3b floatrow: float package extension
\c@float@type=\count110
\float@exts=\toks24
\float@box=\box28
\@floatcapt=\box29
Package floatrow Info: Modified float package code loaded on input line 455.
Package floatrow Info: Modified rotfloat package code loaded on input line 473.

\FR@everyfloat=\toks25
\flrow@foot=\insert199
\FB@wd=\dimen131
\FBo@wd=\dimen132
\FBc@wd=\dimen133
\FBo@ht=\skip60
\FBc@ht=\skip61
\FBf@ht=\skip62
\FBo@max=\skip63
\FBc@max=\skip64
\FBf@max=\skip65
\c@FBl@b=\count111
\floatbox@depth=\count112
\c@FRobj=\count113
\c@FRsobj=\count114
\Xhsize=\skip66
\sXhsize=\skip67
\Zhsize=\skip68
\sZhsize=\skip69
\flrow@rowbox=\box30
\FR@Zunitlength=\dimen134
\c@FBcnt=\count115
\FPOScnt=\count116
\LTleft=\skip70
\LTright=\skip71
\LTleft=\skip72
\LTright=\skip73
\flrow@types=\toks26
)
(/usr/local/texlive/2017/texmf-dist/tex/latex/hyperref/hyperref.sty
Package: hyperref 2017/03/14 v6.85a Hypertext links for LaTeX

(/usr/local/texlive/2017/texmf-dist/tex/generic/oberdiek/hobsub-hyperref.sty
Package: hobsub-hyperref 2016/05/16 v1.14 Bundle oberdiek, subset hyperref (HO)


(/usr/local/texlive/2017/texmf-dist/tex/generic/oberdiek/hobsub-generic.sty
Package: hobsub-generic 2016/05/16 v1.14 Bundle oberdiek, subset generic (HO)
Package: hobsub 2016/05/16 v1.14 Construct package bundles (HO)
Package hobsub Info: Skipping package `infwarerr' (already loaded).
Package hobsub Info: Skipping package `ltxcmds' (already loaded).
Package hobsub Info: Skipping package `ifluatex' (already loaded).
Package hobsub Info: Skipping package `ifvtex' (already loaded).
Package: intcalc 2016/05/16 v1.2 Expandable calculations with integers (HO)
Package hobsub Info: Skipping package `ifpdf' (already loaded).
Package hobsub Info: Skipping package `etexcmds' (already loaded).
Package hobsub Info: Skipping package `kvsetkeys' (already loaded).
Package hobsub Info: Skipping package `kvdefinekeys' (already loaded).
Package hobsub Info: Skipping package `pdftexcmds' (already loaded).
Package: pdfescape 2016/05/16 v1.14 Implements pdfTeX's escape features (HO)
Package: bigintcalc 2016/05/16 v1.4 Expandable calculations on big integers (HO
)
Package: bitset 2016/05/16 v1.2 Handle bit-vector datatype (HO)
Package: uniquecounter 2016/05/16 v1.3 Provide unlimited unique counter (HO)
)
Package hobsub Info: Skipping package `hobsub' (already loaded).
Package: letltxmacro 2016/05/16 v1.5 Let assignment for LaTeX macros (HO)
Package: hopatch 2016/05/16 v1.3 Wrapper for package hooks (HO)
Package: xcolor-patch 2016/05/16 xcolor patch
Package: atveryend 2016/05/16 v1.9 Hooks at the very end of document (HO)
Package atveryend Info: \enddocument detected (standard20110627).
Package: atbegshi 2016/06/09 v1.18 At begin shipout hook (HO)
Package: refcount 2016/05/16 v3.5 Data extraction from label references (HO)
Package: hycolor 2016/05/16 v1.8 Color options for hyperref/bookmark (HO)
)
(/usr/local/texlive/2017/texmf-dist/tex/latex/oberdiek/auxhook.sty
Package: auxhook 2016/05/16 v1.4 Hooks for auxiliary files (HO)
)
\@linkdim=\dimen135
\Hy@linkcounter=\count117
\Hy@pagecounter=\count118

(/usr/local/texlive/2017/texmf-dist/tex/latex/hyperref/pd1enc.def
File: pd1enc.def 2017/03/14 v6.85a Hyperref: PDFDocEncoding definition (HO)
)
\Hy@SavedSpaceFactor=\count119

(/usr/local/texlive/2017/texmf-dist/tex/latex/latexconfig/hyperref.cfg
File: hyperref.cfg 2002/06/06 v1.2 hyperref configuration of TeXLive
)
Package hyperref Info: Hyper figures OFF on input line 4498.
Package hyperref Info: Link nesting OFF on input line 4503.
Package hyperref Info: Hyper index ON on input line 4506.
Package hyperref Info: Plain pages OFF on input line 4513.
Package hyperref Info: Backreferencing OFF on input line 4518.
Package hyperref Info: Implicit mode ON; LaTeX internals redefined.
Package hyperref Info: Bookmarks ON on input line 4751.
\c@Hy@tempcnt=\count120

(/usr/local/texlive/2017/texmf-dist/tex/latex/url/url.sty
\Urlmuskip=\muskip11
Package: url 2013/09/16  ver 3.4  Verb mode for urls, etc.
)
LaTeX Info: Redefining \url on input line 5104.
\XeTeXLinkMargin=\dimen136
\Fld@menulength=\count121
\Field@Width=\dimen137
\Fld@charsize=\dimen138
Package hyperref Info: Hyper figures OFF on input line 6358.
Package hyperref Info: Link nesting OFF on input line 6363.
Package hyperref Info: Hyper index ON on input line 6366.
Package hyperref Info: backreferencing OFF on input line 6373.
Package hyperref Info: Link coloring OFF on input line 6378.
Package hyperref Info: Link coloring with OCG OFF on input line 6383.
Package hyperref Info: PDF/A mode OFF on input line 6388.
LaTeX Info: Redefining \ref on input line 6428.
LaTeX Info: Redefining \pageref on input line 6432.
\Hy@abspage=\count122
\c@Item=\count123
\c@Hfootnote=\count124
)

Package hyperref Message: Driver (autodetected): hpdftex.

(/usr/local/texlive/2017/texmf-dist/tex/latex/hyperref/hpdftex.def
File: hpdftex.def 2017/03/14 v6.85a Hyperref driver for pdfTeX
\Fld@listcount=\count125
\c@bookmark@seq@number=\count126

(/usr/local/texlive/2017/texmf-dist/tex/latex/oberdiek/rerunfilecheck.sty
Package: rerunfilecheck 2016/05/16 v1.8 Rerun checks for auxiliary files (HO)
Package uniquecounter Info: New unique counter `rerunfilecheck' on input line 2
82.
)
\Hy@SectionHShift=\skip74
)
(/usr/local/texlive/2017/texmf-dist/tex/latex/base/fontenc.sty
Package: fontenc 2017/04/05 v2.0i Standard LaTeX package

(/usr/local/texlive/2017/texmf-dist/tex/latex/base/t1enc.def
File: t1enc.def 2017/04/05 v2.0i Standard LaTeX file
LaTeX Font Info:    Redeclaring font encoding T1 on input line 48.
))
(/usr/local/texlive/2017/texmf-dist/tex/latex/titling/titling.sty
Package: titling 2009/09/04 v2.1d maketitle typesetting
\thanksmarkwidth=\skip75
\thanksmargin=\skip76
\droptitle=\skip77
)
(/usr/local/texlive/2017/texmf-dist/tex/latex/wrapfig/wrapfig.sty
\wrapoverhang=\dimen139
\WF@size=\dimen140
\c@WF@wrappedlines=\count127
\WF@box=\box31
\WF@everypar=\toks27
Package: wrapfig 2003/01/31  v 3.6
)
(/usr/local/texlive/2017/texmf-dist/tex/latex/multirow/multirow.sty
Package: multirow 2016/11/25 v2.2 Span multiple rows of a table
\multirow@colwidth=\skip78
\multirow@cntb=\count128
\multirow@dima=\skip79
\bigstrutjot=\dimen141
)
(/usr/local/texlive/2017/texmf-dist/tex/latex/enumitem/enumitem.sty
Package: enumitem 2011/09/28 v3.5.2 Customized lists
\labelindent=\skip80
\enit@outerparindent=\dimen142
\enit@toks=\toks28
\enit@inbox=\box32
\enitdp@description=\count129
)
(./dodoB_narrative.aux)
\openout1 = `dodoB_narrative.aux'.

LaTeX Font Info:    Checking defaults for OML/cmm/m/it on input line 81.
LaTeX Font Info:    ... okay on input line 81.
LaTeX Font Info:    Checking defaults for T1/cmr/m/n on input line 81.
LaTeX Font Info:    ... okay on input line 81.
LaTeX Font Info:    Checking defaults for OT1/cmr/m/n on input line 81.
LaTeX Font Info:    ... okay on input line 81.
LaTeX Font Info:    Checking defaults for OMS/cmsy/m/n on input line 81.
LaTeX Font Info:    ... okay on input line 81.
LaTeX Font Info:    Checking defaults for OMX/cmex/m/n on input line 81.
LaTeX Font Info:    ... okay on input line 81.
LaTeX Font Info:    Checking defaults for U/cmr/m/n on input line 81.
LaTeX Font Info:    ... okay on input line 81.
LaTeX Font Info:    Checking defaults for PD1/pdf/m/n on input line 81.
LaTeX Font Info:    ... okay on input line 81.

*geometry* driver: auto-detecting
*geometry* detected driver: pdftex
*geometry* verbose mode - [ preamble ] result:
* driver: pdftex
* paper: letterpaper
* layout: <same size as paper>
* layoutoffset:(h,v)=(0.0pt,0.0pt)
* modes: 
* h-part:(L,W,R)=(72.26999pt, 469.75502pt, 72.26999pt)
* v-part:(T,H,B)=(72.26999pt, 650.43001pt, 72.26999pt)
* \paperwidth=614.295pt
* \paperheight=794.96999pt
* \textwidth=469.75502pt
* \textheight=650.43001pt
* \oddsidemargin=0.0pt
* \evensidemargin=0.0pt
* \topmargin=-37.0pt
* \headheight=12.0pt
* \headsep=25.0pt
* \topskip=11.0pt
* \footskip=30.0pt
* \marginparwidth=59.0pt
* \marginparsep=10.0pt
* \columnsep=10.0pt
* \skip\footins=10.0pt plus 4.0pt minus 2.0pt
* \hoffset=0.0pt
* \voffset=0.0pt
* \mag=1000
* \@twocolumnfalse
* \@twosidefalse
* \@mparswitchfalse
* \@reversemarginfalse
* (1in=72.27pt=25.4mm, 1cm=28.453pt)

(/usr/local/texlive/2017/texmf-dist/tex/context/base/mkii/supp-pdf.mkii
[Loading MPS to PDF converter (version 2006.09.02).]
\scratchcounter=\count130
\scratchdimen=\dimen143
\scratchbox=\box33
\nofMPsegments=\count131
\nofMParguments=\count132
\everyMPshowfont=\toks29
\MPscratchCnt=\count133
\MPscratchDim=\dimen144
\MPnumerator=\count134
\makeMPintoPDFobject=\count135
\everyMPtoPDFconversion=\toks30
)
Package caption Info: Begin \AtBeginDocument code.
Package caption Info: floatrow package is loaded.
Package caption Info: float package is loaded.
Package caption Info: floatrow package is loaded.
Package caption Info: hyperref package is loaded.
Package caption Info: wrapfig package is loaded.
Package caption Info: End \AtBeginDocument code.
\AtBeginShipoutBox=\box34
Package hyperref Info: Link coloring OFF on input line 81.
 (/usr/local/texlive/2017/texmf-dist/tex/latex/hyperref/nameref.sty
Package: nameref 2016/05/21 v2.44 Cross-referencing by name of section

(/usr/local/texlive/2017/texmf-dist/tex/generic/oberdiek/gettitlestring.sty
Package: gettitlestring 2016/05/16 v1.5 Cleanup title references (HO)
)
\c@section@level=\count136
)
LaTeX Info: Redefining \ref on input line 81.
LaTeX Info: Redefining \pageref on input line 81.
LaTeX Info: Redefining \nameref on input line 81.

(./dodoB_narrative.out) (./dodoB_narrative.out)
\@outlinefile=\write3
\openout3 = `dodoB_narrative.out'.


<../fig_map.pdf, id=95, 433.62pt x 289.08pt>
File: ../fig_map.pdf Graphic file (type pdf)
 <use ../fig_map.pdf>
Package pdftex.def Info: ../fig_map.pdf used on input line 159.
(pdftex.def)             Requested size: 234.8775pt x 156.58607pt.


Package wrapfig Warning: Stationary wrapfigure forced to float on input line 16
8.


Package Fancyhdr Warning: \headheight is too small (12.0pt): 
 Make it at least 13.59999pt.
 We now make it that large for the rest of the document.
 This may cause the page layout to be inconsistent, however.

[1{/usr/local/texlive/2017/texmf-var/fonts/map/pdftex/updmap/pdftex.map}

]
[2 <../fig_map.pdf>]
LaTeX Font Info:    Try loading font information for U+msa on input line 312.

(/usr/local/texlive/2017/texmf-dist/tex/latex/amsfonts/umsa.fd
File: umsa.fd 2013/01/14 v3.01 AMS symbols A
)
LaTeX Font Info:    Try loading font information for U+msb on input line 312.

(/usr/local/texlive/2017/texmf-dist/tex/latex/amsfonts/umsb.fd
File: umsb.fd 2013/01/14 v3.01 AMS symbols B
)
Overfull \hbox (7.02232pt too wide) in paragraph at lines 312--337
 [][] 
 []


Underfull \hbox (badness 1824) in paragraph at lines 370--370
\T1/cmr/m/n/9 ues. The pro-cesses are:
 []


Underfull \hbox (badness 1194) in paragraph at lines 370--370
\T1/cmr/m/n/9 by trait-based in-ter-ac-tions
 []


Underfull \hbox (badness 1048) in paragraph at lines 370--370
\T1/cmr/m/n/9 species and their en-vi-ron-
 []


Underfull \hbox (badness 2245) in paragraph at lines 370--370
\T1/cmr/m/n/9 ties by the lighter back-
 []


Underfull \hbox (badness 2600) in paragraph at lines 370--370
\T1/cmr/m/n/9 dance, pop-u-la-tion ge-netic
 []


Underfull \hbox (badness 2173) in paragraph at lines 370--370
\T1/cmr/m/n/9 lo-ge-netic re-la-tion-ships be-
 []

<../fig_mod.pdf, id=187, 1027.84pt x 770.88pt>
File: ../fig_mod.pdf Graphic file (type pdf)
 <use ../fig_mod.pdf>
Package pdftex.def Info: ../fig_mod.pdf used on input line 370.
(pdftex.def)             Requested size: 328.82707pt x 246.61606pt.

Underfull \hbox (badness 1824) in paragraph at lines 370--370
\T1/cmr/m/n/9 ues. The pro-cesses are:
 []


Underfull \hbox (badness 1194) in paragraph at lines 370--370
\T1/cmr/m/n/9 by trait-based in-ter-ac-tions
 []


Underfull \hbox (badness 1048) in paragraph at lines 370--370
\T1/cmr/m/n/9 species and their en-vi-ron-
 []


Underfull \hbox (badness 2245) in paragraph at lines 370--370
\T1/cmr/m/n/9 ties by the lighter back-
 []


Underfull \hbox (badness 2600) in paragraph at lines 370--370
\T1/cmr/m/n/9 dance, pop-u-la-tion ge-netic
 []


Underfull \hbox (badness 2173) in paragraph at lines 370--370
\T1/cmr/m/n/9 lo-ge-netic re-la-tion-ships be-
 []

File: ../fig_mod.pdf Graphic file (type pdf)
<use ../fig_mod.pdf>
Package pdftex.def Info: ../fig_mod.pdf used on input line 370.
(pdftex.def)             Requested size: 328.82707pt x 246.61606pt.

Underfull \hbox (badness 1824) in paragraph at lines 370--370
\T1/cmr/m/n/9 ues. The pro-cesses are:
 []


Underfull \hbox (badness 1194) in paragraph at lines 370--370
\T1/cmr/m/n/9 by trait-based in-ter-ac-tions
 []


Underfull \hbox (badness 1048) in paragraph at lines 370--370
\T1/cmr/m/n/9 species and their en-vi-ron-
 []


Underfull \hbox (badness 2245) in paragraph at lines 370--370
\T1/cmr/m/n/9 ties by the lighter back-
 []


Underfull \hbox (badness 2600) in paragraph at lines 370--370
\T1/cmr/m/n/9 dance, pop-u-la-tion ge-netic
 []


Underfull \hbox (badness 2173) in paragraph at lines 370--370
\T1/cmr/m/n/9 lo-ge-netic re-la-tion-ships be-
 []

File: ../fig_mod.pdf Graphic file (type pdf)
<use ../fig_mod.pdf>
Package pdftex.def Info: ../fig_mod.pdf used on input line 370.
(pdftex.def)             Requested size: 328.82707pt x 246.61606pt.
 [3] [4]
Underfull \hbox (badness 10000) in paragraph at lines 450--450
[]\T1/cmr/m/n/9 Figure 3: |Cor-re-la-tions
 []


Underfull \hbox (badness 10000) in paragraph at lines 450--450
\T1/cmr/m/n/9 our five hy-pothe-ses are
 []


Underfull \hbox (badness 10000) in paragraph at lines 450--450
\T1/cmr/m/n/9 and ``im-mi-gra-tion'' re-fer
 []


Underfull \hbox (badness 10000) in paragraph at lines 450--450
\T1/cmr/m/n/9 to com-mu-ni-ties in-ferred
 []


Underfull \hbox (badness 10000) in paragraph at lines 450--450
\T1/cmr/m/n/9 to be competition-driven
 []


Underfull \hbox (badness 5175) in paragraph at lines 450--450
\T1/cmr/m/n/9 ver-sus immigration-driven,
 []

<../fig_hyp.pdf, id=226, 476.78125pt x 372.39125pt>
File: ../fig_hyp.pdf Graphic file (type pdf)
 <use ../fig_hyp.pdf>
Package pdftex.def Info: ../fig_hyp.pdf used on input line 450.
(pdftex.def)             Requested size: 328.82707pt x 256.84227pt.

Underfull \hbox (badness 10000) in paragraph at lines 450--450
[]\T1/cmr/m/n/9 Figure 3: |Cor-re-la-tions
 []


Underfull \hbox (badness 10000) in paragraph at lines 450--450
\T1/cmr/m/n/9 our five hy-pothe-ses are
 []


Underfull \hbox (badness 10000) in paragraph at lines 450--450
\T1/cmr/m/n/9 and ``im-mi-gra-tion'' re-fer
 []


Underfull \hbox (badness 10000) in paragraph at lines 450--450
\T1/cmr/m/n/9 to com-mu-ni-ties in-ferred
 []


Underfull \hbox (badness 10000) in paragraph at lines 450--450
\T1/cmr/m/n/9 to be competition-driven
 []


Underfull \hbox (badness 5175) in paragraph at lines 450--450
\T1/cmr/m/n/9 ver-sus immigration-driven,
 []

File: ../fig_hyp.pdf Graphic file (type pdf)
<use ../fig_hyp.pdf>
Package pdftex.def Info: ../fig_hyp.pdf used on input line 450.
(pdftex.def)             Requested size: 328.82707pt x 256.84227pt.

Underfull \hbox (badness 10000) in paragraph at lines 450--450
[]\T1/cmr/m/n/9 Figure 3: |Cor-re-la-tions
 []


Underfull \hbox (badness 10000) in paragraph at lines 450--450
\T1/cmr/m/n/9 our five hy-pothe-ses are
 []


Underfull \hbox (badness 10000) in paragraph at lines 450--450
\T1/cmr/m/n/9 and ``im-mi-gra-tion'' re-fer
 []


Underfull \hbox (badness 10000) in paragraph at lines 450--450
\T1/cmr/m/n/9 to com-mu-ni-ties in-ferred
 []


Underfull \hbox (badness 10000) in paragraph at lines 450--450
\T1/cmr/m/n/9 to be competition-driven
 []


Underfull \hbox (badness 5175) in paragraph at lines 450--450
\T1/cmr/m/n/9 ver-sus immigration-driven,
 []

File: ../fig_hyp.pdf Graphic file (type pdf)
<use ../fig_hyp.pdf>
Package pdftex.def Info: ../fig_hyp.pdf used on input line 450.
(pdftex.def)             Requested size: 328.82707pt x 256.84227pt.
 [5 <../fig_mod.pdf>] [6 <../fig_hyp.pdf>] [7]

Package natbib Warning: Citation `brown2004' on page 8 undefined on input line 
654.


Package natbib Warning: Citation `price2012' on page 8 undefined on input line 
654.


Package natbib Warning: Citation `elith2009' on page 8 undefined on input line 
657.

\dc=\skip81
[8] [9] [10] [11] [12] [13] [14] [15] (./dodoB_narrative.bbl
LaTeX Font Info:    Try loading font information for T1+cmtt on input line 276.


(/usr/local/texlive/2017/texmf-dist/tex/latex/base/t1cmtt.fd
File: t1cmtt.fd 2014/09/29 v2.5h Standard LaTeX font definitions
))

Package natbib Warning: There were undefined citations.

Package atveryend Info: Empty hook `BeforeClearDocument' on input line 1259.
[16]
Package atveryend Info: Empty hook `AfterLastShipout' on input line 1259.
 (./dodoB_narrative.aux)
Package atveryend Info: Executing hook `AtVeryEndDocument' on input line 1259.
Package atveryend Info: Executing hook `AtEndAfterFileList' on input line 1259.

Package rerunfilecheck Info: File `dodoB_narrative.out' has not changed.
(rerunfilecheck)             Checksum: 2B085ED693C7875924089DBE1DDA3668;1551.


LaTeX Warning: Label(s) may have changed. Rerun to get cross-references right.

Package atveryend Info: Empty hook `AtVeryVeryEnd' on input line 1259.
 ) 
Here is how much of TeX's memory you used:
 10493 strings out of 492995
 157814 string characters out of 6132704
 302675 words of memory out of 5000000
 13734 multiletter control sequences out of 15000+600000
 18358 words of font info for 52 fonts, out of 8000000 for 9000
 1141 hyphenation exceptions out of 8191
 42i,13n,69p,1000b,740s stack positions out of 5000i,500n,10000p,200000b,80000s
pdfTeX warning (dest): name{cite.Hickerson2014-za} has been referenced but do
es not exist, replaced by a fixed one

pdfTeX warning (dest): name{cite.Overcast2017-mf} has been referenced but does 
not exist, replaced by a fixed one

pdfTeX warning (dest): name{cite.Yilmaz2011-ll} has been referenced but does no
t exist, replaced by a fixed one

pdfTeX warning (dest): name{cite.Guralnick2007-yz} has been referenced but does
 not exist, replaced by a fixed one

pdfTeX warning (dest): name{cite.Graham2017-su} has been referenced but does no
t exist, replaced by a fixed one

pdfTeX warning (dest): name{cite.Brewer2015-jo} has been referenced but does no
t exist, replaced by a fixed one

pdfTeX warning (dest): name{cite.Wilson2017-en} has been referenced but does no
t exist, replaced by a fixed one

pdfTeX warning (dest): name{cite.Dawson2016-zv} has been referenced but does no
t exist, replaced by a fixed one

pdfTeX warning (dest): name{cite.Gu2017-oz} has been referenced but does not ex
ist, replaced by a fixed one

pdfTeX warning (dest): name{cite.Do_Amaral2016-bi} has been referenced but does
 not exist, replaced by a fixed one

pdfTeX warning (dest): name{cite.Barnosky2001-zy} has been referenced but does 
not exist, replaced by a fixed one

pdfTeX warning (dest): name{cite.Karp2012-is} has been referenced but does not 
exist, replaced by a fixed one

pdfTeX warning (dest): name{cite.Chao2010-oo} has been referenced but does not 
exist, replaced by a fixed one

pdfTeX warning (dest): name{cite.May2017-ji} has been referenced but does not e
xist, replaced by a fixed one

pdfTeX warning (dest): name{cite.Tingley2009-kt} has been referenced but does n
ot exist, replaced by a fixed one

pdfTeX warning (dest): name{cite.Chan2018-qh} has been referenced but does not 
exist, replaced by a fixed one

pdfTeX warning (dest): name{cite.Breiman2001-ux} has been referenced but does n
ot exist, replaced by a fixed one

pdfTeX warning (dest): name{cite.Anderson2014-fi} has been referenced but does 
not exist, replaced by a fixed one

pdfTeX warning (dest): name{cite.Kelleher2016-an} has been referenced but does 
not exist, replaced by a fixed one

pdfTeX warning (dest): name{cite.waples2007} has been referenced but does not e
xist, replaced by a fixed one

pdfTeX warning (dest): name{cite.Rosenberg2002-vb} has been referenced but does
 not exist, replaced by a fixed one

pdfTeX warning (dest): name{cite.Kendall1948-ri} has been referenced but does n
ot exist, replaced by a fixed one

pdfTeX warning (dest): name{cite.Wilson2003-kp} has been referenced but does no
t exist, replaced by a fixed one

pdfTeX warning (dest): name{cite.Felsenstein2012-aj} has been referenced but do
es not exist, replaced by a fixed one

pdfTeX warning (dest): name{cite.Rosindell2013-di} has been referenced but does
 not exist, replaced by a fixed one

pdfTeX warning (dest): name{cite.Harmon2013-wb} has been referenced but does no
t exist, replaced by a fixed one

pdfTeX warning (dest): name{cite.webb2008phylocom} has been referenced but does
 not exist, replaced by a fixed one

pdfTeX warning (dest): name{cite.Rainfor2018-so} has been referenced but does n
ot exist, replaced by a fixed one

pdfTeX warning (dest): name{cite.Lopez-Gonzalez2011-wr} has been referenced but
 does not exist, replaced by a fixed one

pdfTeX warning (dest): name{cite.bi2018chloroplast} has been referenced but doe
s not exist, replaced by a fixed one

pdfTeX warning (dest): name{cite.Krehenwinkel2017-zk} has been referenced but d
oes not exist, replaced by a fixed one

pdfTeX warning (dest): name{cite.Douglas2003-zs} has been referenced but does n
ot exist, replaced by a fixed one

pdfTeX warning (dest): name{cite.Poelen2018-vp} has been referenced but does no
t exist, replaced by a fixed one

pdfTeX warning (dest): name{cite.Chamberlain2014-ds} has been referenced but do
es not exist, replaced by a fixed one

pdfTeX warning (dest): name{cite.Poelen2014-lg} has been referenced but does no
t exist, replaced by a fixed one

pdfTeX warning (dest): name{cite.Bartomeus2018-zq} has been referenced but does
 not exist, replaced by a fixed one

pdfTeX warning (dest): name{cite.Jetz2012-uq} has been referenced but does not 
exist, replaced by a fixed one

pdfTeX warning (dest): name{cite.Hinchliff2015-vi} has been referenced but does
 not exist, replaced by a fixed one

pdfTeX warning (dest): name{cite.Benson1993-jf} has been referenced but does no
t exist, replaced by a fixed one

pdfTeX warning (dest): name{cite.Sherry2001-pn} has been referenced but does no
t exist, replaced by a fixed one

pdfTeX warning (dest): name{cite.Flemons2007-eg} has been referenced but does n
ot exist, replaced by a fixed one

pdfTeX warning (dest): name{cite.Wickham2015-cj} has been referenced but does n
ot exist, replaced by a fixed one

pdfTeX warning (dest): name{cite.RStudio_Inc2013-bt} has been referenced but do
es not exist, replaced by a fixed one

pdfTeX warning (dest): name{cite.Rominger2016-mq} has been referenced but does 
not exist, replaced by a fixed one

pdfTeX warning (dest): name{cite.Gillespie2010-bv} has been referenced but does
 not exist, replaced by a fixed one

pdfTeX warning (dest): name{cite.Rominger2015-kb} has been referenced but does 
not exist, replaced by a fixed one

pdfTeX warning (dest): name{cite.Rabosky2009-gs} has been referenced but does n
ot exist, replaced by a fixed one

pdfTeX warning (dest): name{cite.ODwyer2014-gw} has been referenced but does no
t exist, replaced by a fixed one

pdfTeX warning (dest): name{cite.Quental2013-qv} has been referenced but does n
ot exist, replaced by a fixed one

pdfTeX warning (dest): name{cite.Nuismer2013-wd} has been referenced but does n
ot exist, replaced by a fixed one

pdfTeX warning (dest): name{cite.May1973-ua} has been referenced but does not e
xist, replaced by a fixed one

pdfTeX warning (dest): name{cite.Rundle2005-ll} has been referenced but does no
t exist, replaced by a fixed one

pdfTeX warning (dest): name{cite.Ogden2002-jb} has been referenced but does not
 exist, replaced by a fixed one

pdfTeX warning (dest): name{cite.Mittelbach2007-ui} has been referenced but doe
s not exist, replaced by a fixed one

pdfTeX warning (dest): name{cite.Wagner2014-qm} has been referenced but does no
t exist, replaced by a fixed one

pdfTeX warning (dest): name{cite.Losos2000-xp} has been referenced but does not
 exist, replaced by a fixed one

pdfTeX warning (dest): name{cite.McGill2003-sf} has been referenced but does no
t exist, replaced by a fixed one

pdfTeX warning (dest): name{cite.R_Development_Core2013-ze} has been referenced
 but does not exist, replaced by a fixed one

pdfTeX warning (dest): name{cite.Schrider2018-rq} has been referenced but does 
not exist, replaced by a fixed one

pdfTeX warning (dest): name{cite.Tuomisto2003-kf} has been referenced but does 
not exist, replaced by a fixed one

pdfTeX warning (dest): name{cite.Adler2010-ad} has been referenced but does not
 exist, replaced by a fixed one

pdfTeX warning (dest): name{cite.HilleRisLambers2012-xt} has been referenced bu
t does not exist, replaced by a fixed one

pdfTeX warning (dest): name{cite.Grilli2017-ot} has been referenced but does no
t exist, replaced by a fixed one

pdfTeX warning (dest): name{cite.Haegeman2017-kf} has been referenced but does 
not exist, replaced by a fixed one

pdfTeX warning (dest): name{cite.Rosindell2011-od} has been referenced but does
 not exist, replaced by a fixed one

pdfTeX warning (dest): name{cite.Etienne2007-we} has been referenced but does n
ot exist, replaced by a fixed one

pdfTeX warning (dest): name{cite.Rosindell2010-gq} has been referenced but does
 not exist, replaced by a fixed one

pdfTeX warning (dest): name{cite.Beaumont2010-si} has been referenced but does 
not exist, replaced by a fixed one

pdfTeX warning (dest): name{cite.Overcast_undated-op} has been referenced but d
oes not exist, replaced by a fixed one

pdfTeX warning (dest): name{cite.Guralnick2017-xb} has been referenced but does
 not exist, replaced by a fixed one

pdfTeX warning (dest): name{cite.Burbrink2016-nu} has been referenced but does 
not exist, replaced by a fixed one

pdfTeX warning (dest): name{cite.Carnaval2008-og} has been referenced but does 
not exist, replaced by a fixed one

pdfTeX warning (dest): name{cite.Yu2017-cc} has been referenced but does not ex
ist, replaced by a fixed one

pdfTeX warning (dest): name{cite.Qian2005-co} has been referenced but does not 
exist, replaced by a fixed one

pdfTeX warning (dest): name{cite.Ricklefs2001-af} has been referenced but does 
not exist, replaced by a fixed one

pdfTeX warning (dest): name{cite.Barnosky2012-qz} has been referenced but does 
not exist, replaced by a fixed one

pdfTeX warning (dest): name{cite.Chesson2000-uc} has been referenced but does n
ot exist, replaced by a fixed one

pdfTeX warning (dest): name{cite.Rominger_undated-cw} has been referenced but d
oes not exist, replaced by a fixed one

pdfTeX warning (dest): name{cite.Leibold2017-jv} has been referenced but does n
ot exist, replaced by a fixed one

pdfTeX warning (dest): name{cite.Chisholm2010-yg} has been referenced but does 
not exist, replaced by a fixed one

pdfTeX warning (dest): name{cite.Rosindell2012-pm} has been referenced but does
 not exist, replaced by a fixed one

pdfTeX warning (dest): name{cite.Rosindell2015-gp} has been referenced but does
 not exist, replaced by a fixed one

pdfTeX warning (dest): name{cite.Chisholm2014-mu} has been referenced but does 
not exist, replaced by a fixed one

pdfTeX warning (dest): name{cite.Ricklefs2006-tn} has been referenced but does 
not exist, replaced by a fixed one

pdfTeX warning (dest): name{cite.Pianka1966-ky} has been referenced but does no
t exist, replaced by a fixed one

pdfTeX warning (dest): name{cite.Janzen1967-fk} has been referenced but does no
t exist, replaced by a fixed one

pdfTeX warning (dest): name{cite.Owens2017-ja} has been referenced but does not
 exist, replaced by a fixed one

pdfTeX warning (dest): name{cite.Gillespie2004-zv} has been referenced but does
 not exist, replaced by a fixed one

pdfTeX warning (dest): name{cite.Hubbell2001-dx} has been referenced but does n
ot exist, replaced by a fixed one

pdfTeX warning (dest): name{cite.MacArthur1967-ux} has been referenced but does
 not exist, replaced by a fixed one

pdfTeX warning (dest): name{cite.Erwin2015-yb} has been referenced but does not
 exist, replaced by a fixed one

pdfTeX warning (dest): name{cite.Barnosky2011-ww} has been referenced but does 
not exist, replaced by a fixed one

pdfTeX warning (dest): name{cite.Carnaval2014-je} has been referenced but does 
not exist, replaced by a fixed one

pdfTeX warning (dest): name{cite.Prates2016-gr} has been referenced but does no
t exist, replaced by a fixed one

pdfTeX warning (dest): name{cite.Hutchinson1959-ob} has been referenced but doe
s not exist, replaced by a fixed one

{/usr/local/texlive/2017/texmf-dist/fonts/enc/dvips/cm-super/cm-super-t1.enc}</
usr/local/texlive/2017/texmf-dist/fonts/type1/public/amsfonts/cm/cmmi10.pfb></u
sr/local/texlive/2017/texmf-dist/fonts/type1/public/amsfonts/cm/cmmi6.pfb></usr
/local/texlive/2017/texmf-dist/fonts/type1/public/amsfonts/cm/cmmi8.pfb></usr/l
ocal/texlive/2017/texmf-dist/fonts/type1/public/amsfonts/cm/cmmi9.pfb></usr/loc
al/texlive/2017/texmf-dist/fonts/type1/public/amsfonts/cm/cmr10.pfb></usr/local
/texlive/2017/texmf-dist/fonts/type1/public/amsfonts/cm/cmr8.pfb></usr/local/te
xlive/2017/texmf-dist/fonts/type1/public/amsfonts/cm/cmsy10.pfb></usr/local/tex
live/2017/texmf-dist/fonts/type1/public/cm-super/sfbi1095.pfb></usr/local/texli
ve/2017/texmf-dist/fonts/type1/public/cm-super/sfbx0900.pfb></usr/local/texlive
/2017/texmf-dist/fonts/type1/public/cm-super/sfbx1095.pfb></usr/local/texlive/2
017/texmf-dist/fonts/type1/public/cm-super/sfbx1200.pfb></usr/local/texlive/201
7/texmf-dist/fonts/type1/public/cm-super/sfbx1440.pfb></usr/local/texlive/2017/
texmf-dist/fonts/type1/public/cm-super/sfrm0900.pfb></usr/local/texlive/2017/te
xmf-dist/fonts/type1/public/cm-super/sfrm1095.pfb></usr/local/texlive/2017/texm
f-dist/fonts/type1/public/cm-super/sfti1095.pfb>
Output written on dodoB_narrative.pdf (16 pages, 618889 bytes).
PDF statistics:
 613 PDF objects out of 1000 (max. 8388607)
 537 compressed objects within 6 object streams
 149 named destinations out of 1000 (max. 500000)
 192 words of extra memory for PDF output out of 10000 (max. 10000000)

