\BOOKMARK [1][-]{section.1}{Intellectual Merit}{}% 1
\BOOKMARK [2][-]{subsection.1.1}{Aims}{section.1}% 2
\BOOKMARK [2][-]{subsection.1.2}{Background}{section.1}% 3
\BOOKMARK [2][-]{subsection.1.3}{Informatic platform for dimensions of biodiversity data}{section.1}% 4
\BOOKMARK [2][-]{subsection.1.4}{Theory to integrate dimensions of biodiversity}{section.1}% 5
\BOOKMARK [1][-]{section.2}{Proposed Research}{}% 6
\BOOKMARK [2][-]{subsection.2.1}{Research objectives and hypotheses}{section.2}% 7
\BOOKMARK [2][-]{subsection.2.2}{Methods}{section.2}% 8
\BOOKMARK [2][-]{subsection.2.3}{Informatics pipeline}{section.2}% 9
\BOOKMARK [2][-]{subsection.2.4}{Collection of new data}{section.2}% 10
\BOOKMARK [2][-]{subsection.2.5}{Theory development}{section.2}% 11
\BOOKMARK [2][-]{subsection.2.6}{Model fitting}{section.2}% 12
\BOOKMARK [2][-]{subsection.2.7}{Hypothesis testing}{section.2}% 13
\BOOKMARK [1][-]{section.3}{Broader Impacts}{}% 14
\BOOKMARK [2][-]{subsection.3.1}{Training and mentoring}{section.3}% 15
\BOOKMARK [2][-]{subsection.3.2}{Open source software for science and conservation}{section.3}% 16
\BOOKMARK [2][-]{subsection.3.3}{Informatic platform}{section.3}% 17
\BOOKMARK [2][-]{subsection.3.4}{Eco-evolutionary synthesis modeling}{section.3}% 18
\BOOKMARK [2][-]{subsection.3.5}{Adding to the Tree of Life}{section.3}% 19
\BOOKMARK [1][-]{section.4}{Timeline and Project Management}{}% 20
\BOOKMARK [2][-]{subsection.4.1}{Project Team Coordination}{section.4}% 21
\BOOKMARK [1][-]{section.5}{Results from Prior Funding}{}% 22
